<?xml version="1.0" encoding="UTF-8"?>
<!-- Generated by org.testng.reporters.JUnitReportReporter -->
<testsuite hostname="DCCPL0634" failures="0" tests="2" name="com.dhruv.tests.LoginTest_002" time="26.034" errors="0" timestamp="20 May 2024 11:45:14 GMT" skipped="0">
  <testcase classname="com.dhruv.tests.LoginTest_002" name="testInvalidLogin" time="10.593"/>
  <testcase classname="com.dhruv.tests.LoginTest_002" name="forgotPasswordTest" time="15.441"/>
</testsuite> <!-- com.dhruv.tests.LoginTest_002 -->
