<?xml version="1.0" encoding="UTF-8"?>
<!-- Generated by org.testng.reporters.JUnitReportReporter -->
<testsuite hostname="DCCPL0634" failures="0" tests="4" name="com.dhruv.tests.DropdownTest_004" time="20.360" errors="0" timestamp="20 May 2024 11:45:14 GMT" skipped="0">
  <testcase classname="com.dhruv.tests.DropdownTest_004" name="passengerDrodownTest" time="5.493"/>
  <testcase classname="com.dhruv.tests.DropdownTest_004" name="testAutoSuggestiveCountryDD" time="5.826"/>
  <testcase classname="com.dhruv.tests.DropdownTest_004" name="currencyDrodownTest" time="3.217"/>
  <testcase classname="com.dhruv.tests.DropdownTest_004" name="testDropdownSelection" time="5.824"/>
</testsuite> <!-- com.dhruv.tests.DropdownTest_004 -->
