<?xml version="1.0" encoding="UTF-8"?>
<!-- Generated by org.testng.reporters.JUnitReportReporter -->
<testsuite hostname="DCCPL0634" failures="0" tests="2" name="com.dhruv.tests.LoginTest_001" time="19.039" errors="0" timestamp="20 May 2024 11:45:14 GMT" skipped="0">
  <testcase classname="com.dhruv.tests.LoginTest_001" name="forgotPasswordTest" time="13.524"/>
  <testcase classname="com.dhruv.tests.LoginTest_001" name="testInvalidLogin" time="5.515"/>
</testsuite> <!-- com.dhruv.tests.LoginTest_001 -->
